Building the graph!
	Please enter with the number of elements of graph: 	Enter with edges of the Graph in format u v w, where are the vertices of origin, v the end and the weight of the edge:
	If you want to finish the entries, just enter -1 -1 -1.

		Enter with a new vertex: 
		Enter with a new vertex: 
		Enter with a new vertex: 
		Enter with a new vertex: 
		Enter with a new vertex: 
		Enter with a new vertex: 
		Enter with a new vertex: 
		Enter with a new vertex: 
		Enter with a new vertex: 
		Enter with a new vertex: 
		Enter with a new vertex: MST Result
	Cost: 75
	Union Find:
0: (0; 0); (1; 16); (2; 13); 
1: (3; 12); 
2: (4; 14); 
3: (5; 20); 
4: 
5: 

